timestamp: 2019-12-14T13:39:04.392000
CREATE TABLE "auth_user"(
    "id" INTEGER PRIMARY KEY AUTOINCREMENT,
    "first_name" CHAR(128),
    "last_name" CHAR(128),
    "email" CHAR(512),
    "password" CHAR(512),
    "registration_key" CHAR(512),
    "reset_password_key" CHAR(512),
    "registration_id" CHAR(512),
    "numero" CHAR(14),
    "img" CHAR(512)
);
success!
timestamp: 2019-12-14T13:39:05.100000
CREATE TABLE "auth_group"(
    "id" INTEGER PRIMARY KEY AUTOINCREMENT,
    "role" CHAR(512),
    "description" TEXT
);
success!
timestamp: 2019-12-14T13:39:05.369000
CREATE TABLE "auth_membership"(
    "id" INTEGER PRIMARY KEY AUTOINCREMENT,
    "user_id" INTEGER REFERENCES "auth_user" ("id") ON DELETE CASCADE  ,
    "group_id" INTEGER REFERENCES "auth_group" ("id") ON DELETE CASCADE  
);
success!
timestamp: 2019-12-14T13:39:05.629000
CREATE TABLE "auth_permission"(
    "id" INTEGER PRIMARY KEY AUTOINCREMENT,
    "group_id" INTEGER REFERENCES "auth_group" ("id") ON DELETE CASCADE  ,
    "name" CHAR(512),
    "table_name" CHAR(512),
    "record_id" INTEGER
);
success!
timestamp: 2019-12-14T13:39:05.903000
CREATE TABLE "auth_event"(
    "id" INTEGER PRIMARY KEY AUTOINCREMENT,
    "time_stamp" TIMESTAMP,
    "client_ip" CHAR(512),
    "user_id" INTEGER REFERENCES "auth_user" ("id") ON DELETE CASCADE  ,
    "origin" CHAR(512),
    "description" TEXT
);
success!
timestamp: 2019-12-14T13:39:06.135000
CREATE TABLE "auth_cas"(
    "id" INTEGER PRIMARY KEY AUTOINCREMENT,
    "user_id" INTEGER REFERENCES "auth_user" ("id") ON DELETE CASCADE  ,
    "created_on" TIMESTAMP,
    "service" CHAR(512),
    "ticket" CHAR(512),
    "renew" CHAR(1)
);
success!
timestamp: 2019-12-14T13:39:06.335000
CREATE TABLE "Cliente"(
    "id" INTEGER PRIMARY KEY AUTOINCREMENT,
    "usu_id" INTEGER REFERENCES "auth_user" ("id") ON DELETE CASCADE  NOT NULL  UNIQUE,
    "nascimento" DATE NOT NULL,
    "sexo" CHAR(1),
    "profissao" CHAR(50)
);
success!
timestamp: 2019-12-14T13:39:06.685000
CREATE TABLE "Organizacao"(
    "id" INTEGER PRIMARY KEY AUTOINCREMENT,
    "usu_id" INTEGER REFERENCES "auth_user" ("id") ON DELETE CASCADE  NOT NULL  UNIQUE,
    "eventos" INTEGER,
    "descricao" TEXT NOT NULL,
    "site" CHAR(30),
    "avaliacao" DOUBLE
);
success!
timestamp: 2019-12-14T13:39:06.869000
CREATE TABLE "Estabelecimento"(
    "id" INTEGER PRIMARY KEY AUTOINCREMENT,
    "nome" CHAR(30) NOT NULL,
    "cep" CHAR(8) NOT NULL UNIQUE,
    "pais" CHAR(30) NOT NULL,
    "estado" CHAR(2) NOT NULL,
    "cidade" CHAR(30) NOT NULL
);
success!
timestamp: 2019-12-14T13:39:07.093000
CREATE TABLE "Evento"(
    "id" INTEGER PRIMARY KEY AUTOINCREMENT,
    "org_id" INTEGER REFERENCES "Organizacao" ("id") ON DELETE CASCADE  NOT NULL ,
    "est_id" INTEGER REFERENCES "Estabelecimento" ("id") ON DELETE CASCADE  NOT NULL ,
    "img" CHAR(512),
    "titulo" CHAR(50) NOT NULL,
    "descricao" TEXT,
    "avaliacao" DOUBLE,
    "participantes" INTEGER,
    "is_active" CHAR(1),
    "created_on" TIMESTAMP,
    "created_by" INTEGER REFERENCES "auth_user" ("id") ON DELETE CASCADE  ,
    "modified_on" TIMESTAMP,
    "modified_by" INTEGER REFERENCES "auth_user" ("id") ON DELETE CASCADE  
);
success!
timestamp: 2019-12-14T13:39:07.253000
CREATE TABLE "Periodo"(
    "id" INTEGER PRIMARY KEY AUTOINCREMENT,
    "inicio" TIMESTAMP NOT NULL,
    "fim" TIMESTAMP NOT NULL,
    "eve_id" INTEGER REFERENCES "Evento" ("id") ON DELETE CASCADE  NOT NULL 
);
success!
timestamp: 2019-12-14T13:39:07.415000
CREATE TABLE "Participacoes"(
    "id" INTEGER PRIMARY KEY AUTOINCREMENT,
    "cli_id" INTEGER REFERENCES "Cliente" ("id") ON DELETE CASCADE  NOT NULL ,
    "eve_id" INTEGER REFERENCES "Evento" ("id") ON DELETE CASCADE  NOT NULL ,
    "avaliacao" DOUBLE,
    "avaliou" CHAR(1)
);
success!
timestamp: 2019-12-14T13:39:07.579000
CREATE TABLE "Lote"(
    "id" INTEGER PRIMARY KEY AUTOINCREMENT,
    "eve_id" INTEGER REFERENCES "Evento" ("id") ON DELETE CASCADE  NOT NULL ,
    "preco" DOUBLE NOT NULL DEFAULT 0.0,
    "total" INTEGER NOT NULL,
    "quantidade" CHAR(512),
    "is_active" CHAR(1),
    "created_on" TIMESTAMP,
    "created_by" INTEGER REFERENCES "auth_user" ("id") ON DELETE CASCADE  ,
    "modified_on" TIMESTAMP,
    "modified_by" INTEGER REFERENCES "auth_user" ("id") ON DELETE CASCADE  
);
success!
timestamp: 2019-12-14T13:39:07.809000
CREATE TABLE "Ticket"(
    "id" INTEGER PRIMARY KEY AUTOINCREMENT,
    "cli_id" INTEGER REFERENCES "Cliente" ("id") ON DELETE CASCADE  NOT NULL ,
    "lot_id" INTEGER REFERENCES "Lote" ("id") ON DELETE CASCADE  NOT NULL 
);
success!
timestamp: 2019-12-14T13:39:07.936000
CREATE TABLE "Org_Est"(
    "id" INTEGER PRIMARY KEY AUTOINCREMENT,
    "org_id" INTEGER REFERENCES "Organizacao" ("id") ON DELETE CASCADE  NOT NULL ,
    "est_id" INTEGER REFERENCES "Estabelecimento" ("id") ON DELETE CASCADE  NOT NULL 
);
success!
timestamp: 2019-12-14T13:39:08.179000
CREATE TABLE "Tag"(
    "id" INTEGER PRIMARY KEY AUTOINCREMENT,
    "tag" CHAR(30) NOT NULL,
    "is_active" CHAR(1),
    "created_on" TIMESTAMP,
    "created_by" INTEGER REFERENCES "auth_user" ("id") ON DELETE CASCADE  ,
    "modified_on" TIMESTAMP,
    "modified_by" INTEGER REFERENCES "auth_user" ("id") ON DELETE CASCADE  
);
success!
timestamp: 2019-12-14T13:39:08.405000
CREATE TABLE "Eve_Tag"(
    "id" INTEGER PRIMARY KEY AUTOINCREMENT,
    "tag_id" INTEGER REFERENCES "Tag" ("id") ON DELETE CASCADE  NOT NULL ,
    "tag" CHAR(30) NOT NULL,
    "eve_id" INTEGER REFERENCES "Evento" ("id") ON DELETE CASCADE  NOT NULL 
);
success!
DELETE FROM "auth_group";
DELETE FROM sqlite_sequence WHERE name='auth_group'
success!
DELETE FROM "auth_user";
DELETE FROM sqlite_sequence WHERE name='auth_user'
success!
DELETE FROM "Estabelecimento";
DELETE FROM sqlite_sequence WHERE name='Estabelecimento'
success!
DELETE FROM "auth_group";
DELETE FROM sqlite_sequence WHERE name='auth_group'
success!
DELETE FROM "auth_user";
DELETE FROM sqlite_sequence WHERE name='auth_user'
success!
DELETE FROM "Estabelecimento";
DELETE FROM sqlite_sequence WHERE name='Estabelecimento'
success!
DELETE FROM "auth_group";
DELETE FROM sqlite_sequence WHERE name='auth_group'
success!
DELETE FROM "auth_user";
DELETE FROM sqlite_sequence WHERE name='auth_user'
success!
DELETE FROM "Estabelecimento";
DELETE FROM sqlite_sequence WHERE name='Estabelecimento'
success!
DELETE FROM "auth_group";
DELETE FROM sqlite_sequence WHERE name='auth_group'
success!
DELETE FROM "auth_user";
DELETE FROM sqlite_sequence WHERE name='auth_user'
success!
DELETE FROM "Estabelecimento";
DELETE FROM sqlite_sequence WHERE name='Estabelecimento'
success!
success!
